{"D:\\Developments\\rocketseatprojects\\return\\server\\src\\use-cases\\submit-feedback-use-case.ts": {"path":"D:\\Developments\\rocketseatprojects\\return\\server\\src\\use-cases\\submit-feedback-use-case.ts","all":false,"statementMap":{"0":{"start":{"line":1,"column":0},"end":{"line":1,"column":54}},"1":{"start":{"line":2,"column":0},"end":{"line":2,"column":74}},"2":{"start":{"line":3,"column":0},"end":{"line":3,"column":40}},"3":{"start":{"line":4,"column":0},"end":{"line":4,"column":16}},"4":{"start":{"line":5,"column":0},"end":{"line":5,"column":19}},"5":{"start":{"line":6,"column":0},"end":{"line":6,"column":23}},"6":{"start":{"line":7,"column":0},"end":{"line":7,"column":1}},"7":{"start":{"line":8,"column":0},"end":{"line":8,"column":36}},"8":{"start":{"line":9,"column":0},"end":{"line":9,"column":16}},"9":{"start":{"line":10,"column":0},"end":{"line":10,"column":57}},"10":{"start":{"line":11,"column":0},"end":{"line":11,"column":41}},"11":{"start":{"line":12,"column":0},"end":{"line":12,"column":8}},"12":{"start":{"line":13,"column":0},"end":{"line":13,"column":58}},"13":{"start":{"line":14,"column":0},"end":{"line":14,"column":53}},"14":{"start":{"line":15,"column":0},"end":{"line":15,"column":20}},"15":{"start":{"line":16,"column":0},"end":{"line":16,"column":48}},"16":{"start":{"line":17,"column":0},"end":{"line":17,"column":9}},"17":{"start":{"line":18,"column":0},"end":{"line":18,"column":23}},"18":{"start":{"line":19,"column":0},"end":{"line":19,"column":51}},"19":{"start":{"line":20,"column":0},"end":{"line":20,"column":9}},"20":{"start":{"line":21,"column":0},"end":{"line":21,"column":76}},"21":{"start":{"line":22,"column":0},"end":{"line":22,"column":57}},"22":{"start":{"line":23,"column":0},"end":{"line":23,"column":9}},"23":{"start":{"line":24,"column":0},"end":{"line":24,"column":47}},"24":{"start":{"line":25,"column":0},"end":{"line":25,"column":17}},"25":{"start":{"line":26,"column":0},"end":{"line":26,"column":20}},"26":{"start":{"line":27,"column":0},"end":{"line":27,"column":23}},"27":{"start":{"line":28,"column":0},"end":{"line":28,"column":10}},"28":{"start":{"line":29,"column":0},"end":{"line":29,"column":41}},"29":{"start":{"line":30,"column":0},"end":{"line":30,"column":37}},"30":{"start":{"line":31,"column":0},"end":{"line":31,"column":19}},"31":{"start":{"line":32,"column":0},"end":{"line":32,"column":86}},"32":{"start":{"line":33,"column":0},"end":{"line":33,"column":51}},"33":{"start":{"line":34,"column":0},"end":{"line":34,"column":48}},"34":{"start":{"line":35,"column":0},"end":{"line":35,"column":24}},"35":{"start":{"line":36,"column":0},"end":{"line":36,"column":24}},"36":{"start":{"line":37,"column":0},"end":{"line":37,"column":10}},"37":{"start":{"line":38,"column":0},"end":{"line":38,"column":5}},"38":{"start":{"line":39,"column":0},"end":{"line":39,"column":1}}},"s":{"0":1,"1":1,"2":1,"3":1,"4":1,"5":1,"6":1,"7":1,"8":1,"9":1,"10":1,"11":1,"12":1,"13":4,"14":4,"15":1,"16":1,"17":4,"18":1,"19":1,"20":4,"21":1,"22":1,"23":1,"24":1,"25":1,"26":1,"27":1,"28":1,"29":1,"30":1,"31":1,"32":1,"33":1,"34":1,"35":1,"36":1,"37":1,"38":1},"branchMap":{"0":{"type":"branch","line":13,"loc":{"start":{"line":13,"column":4},"end":{"line":38,"column":5}},"locations":[{"start":{"line":13,"column":4},"end":{"line":38,"column":5}}]},"1":{"type":"branch","line":15,"loc":{"start":{"line":15,"column":19},"end":{"line":17,"column":9}},"locations":[{"start":{"line":15,"column":19},"end":{"line":17,"column":9}}]},"2":{"type":"branch","line":18,"loc":{"start":{"line":18,"column":-2},"end":{"line":18,"column":22}},"locations":[{"start":{"line":18,"column":-2},"end":{"line":18,"column":22}}]},"3":{"type":"branch","line":18,"loc":{"start":{"line":18,"column":22},"end":{"line":20,"column":9}},"locations":[{"start":{"line":18,"column":22},"end":{"line":20,"column":9}}]},"4":{"type":"branch","line":21,"loc":{"start":{"line":21,"column":-2},"end":{"line":21,"column":73}},"locations":[{"start":{"line":21,"column":-2},"end":{"line":21,"column":73}}]},"5":{"type":"branch","line":21,"loc":{"start":{"line":21,"column":75},"end":{"line":38,"column":5}},"locations":[{"start":{"line":21,"column":75},"end":{"line":38,"column":5}}]},"6":{"type":"branch","line":9,"loc":{"start":{"line":9,"column":4},"end":{"line":12,"column":8}},"locations":[{"start":{"line":9,"column":4},"end":{"line":12,"column":8}}]}},"b":{"0":[4],"1":[1],"2":[3],"3":[1],"4":[2],"5":[1],"6":[1]},"fnMap":{"0":{"name":"execute","decl":{"start":{"line":13,"column":4},"end":{"line":38,"column":5}},"loc":{"start":{"line":13,"column":4},"end":{"line":38,"column":5}},"line":13},"1":{"name":"SubmitFeedbackUseCase","decl":{"start":{"line":9,"column":4},"end":{"line":12,"column":8}},"loc":{"start":{"line":9,"column":4},"end":{"line":12,"column":8}},"line":9}},"f":{"0":4,"1":1}}
}
